0 info it worked if it ends with ok
1 verbose cli [ 'C:\\Program Files\\nodejs\\node.exe',
1 verbose cli   'C:\\Users\\TabloidA\\AppData\\Roaming\\npm\\node_modules\\npm\\bin\\npm-cli.js',
1 verbose cli   'start' ]
2 info using npm@4.1.1
3 info using node@v6.9.2
4 verbose run-script [ 'prestart', 'start', 'poststart' ]
5 info lifecycle tradebot@1.0.0~prestart: tradebot@1.0.0
6 silly lifecycle tradebot@1.0.0~prestart: no script for prestart, continuing
7 info lifecycle tradebot@1.0.0~start: tradebot@1.0.0
8 verbose lifecycle tradebot@1.0.0~start: unsafe-perm in lifecycle true
9 verbose lifecycle tradebot@1.0.0~start: PATH: C:\Users\TabloidA\AppData\Roaming\npm\node_modules\npm\bin\node-gyp-bin;C:\TradeBot\node_modules\.bin;c:\program files\graphicsmagick-1.3.25-q16;C:\Program Files\NVIDIA Corporation\PhysX\Common;C:\Program Files\Common Files\Microsoft Shared\Windows Live;C:\ProgramData\Oracle\Java\javapath;C:\Program Files\AMD APP\bin\x86;C:\Windows\system32;C:\Windows;C:\Windows\System32\Wbem;C:\Windows\System32\WindowsPowerShell\v1.0\;C:\Program Files\ATI Technologies\ATI.ACE\Core-Static;C:\Program Files\GtkSharp\2.12\bin;C:\Program Files\QuickTime\QTSystem\;C:\Program Files\MySQL\MySQL Fabric 1.5 & MySQL Utilities 1.5\;C:\Program Files\MySQL\MySQL Fabric 1.5 & MySQL Utilities 1.5\Doctrine extensions for PHP\;C:\Program Files\Windows Live\Shared;C:\Program Files\Skype\Phone\;C:\Program Files\Git\cmd;C:\Program Files\nodejs\;C:\ffmpeg\bin;C:\Users\TabloidA\AppData\Roaming\npm;C:\Program Files\Heroku\bin
10 verbose lifecycle tradebot@1.0.0~start: CWD: C:\TradeBot
11 silly lifecycle tradebot@1.0.0~start: Args: [ '/d /s /c', 'node main.js' ]
12 silly lifecycle tradebot@1.0.0~start: Returned: code: 1  signal: null
13 info lifecycle tradebot@1.0.0~start: Failed to exec start script
14 verbose stack Error: tradebot@1.0.0 start: `node main.js`
14 verbose stack Exit status 1
14 verbose stack     at EventEmitter.<anonymous> (C:\Users\TabloidA\AppData\Roaming\npm\node_modules\npm\lib\utils\lifecycle.js:279:16)
14 verbose stack     at emitTwo (events.js:106:13)
14 verbose stack     at EventEmitter.emit (events.js:191:7)
14 verbose stack     at ChildProcess.<anonymous> (C:\Users\TabloidA\AppData\Roaming\npm\node_modules\npm\lib\utils\spawn.js:40:14)
14 verbose stack     at emitTwo (events.js:106:13)
14 verbose stack     at ChildProcess.emit (events.js:191:7)
14 verbose stack     at maybeClose (internal/child_process.js:877:16)
14 verbose stack     at Process.ChildProcess._handle.onexit (internal/child_process.js:226:5)
15 verbose pkgid tradebot@1.0.0
16 verbose cwd C:\TradeBot
17 error Windows_NT 6.1.7601
18 error argv "C:\\Program Files\\nodejs\\node.exe" "C:\\Users\\TabloidA\\AppData\\Roaming\\npm\\node_modules\\npm\\bin\\npm-cli.js" "start"
19 error node v6.9.2
20 error npm  v4.1.1
21 error code ELIFECYCLE
22 error tradebot@1.0.0 start: `node main.js`
22 error Exit status 1
23 error Failed at the tradebot@1.0.0 start script 'node main.js'.
23 error Make sure you have the latest version of node.js and npm installed.
23 error If you do, this is most likely a problem with the tradebot package,
23 error not with npm itself.
23 error Tell the author that this fails on your system:
23 error     node main.js
23 error You can get information on how to open an issue for this project with:
23 error     npm bugs tradebot
23 error Or if that isn't available, you can get their info via:
23 error     npm owner ls tradebot
23 error There is likely additional logging output above.
24 verbose exit [ 1, true ]
